<?xml version="1.0" encoding="UTF-8"?>
<!-- Generated by org.testng.reporters.JUnitReportReporter -->
<testsuite skipped="0" hostname="LAPTOP-UJMV62ID" name="com.amazon.qa.testcases.TestAmazonUser" tests="3" failures="0" timestamp="23 Jul 2018 12:44:09 GMT" time="26.631" errors="0">
  <testcase name="ExcelTest" time="8.107" classname="com.amazon.qa.testcases.TestAmazonUser"/>
  <testcase name="ExcelTest" time="9.523" classname="com.amazon.qa.testcases.TestAmazonUser"/>
  <testcase name="ExcelTest" time="9.001" classname="com.amazon.qa.testcases.TestAmazonUser"/>
</testsuite> <!-- com.amazon.qa.testcases.TestAmazonUser -->
