<?xml version="1.0" encoding="UTF-8"?>
<!-- Generated by org.testng.reporters.JUnitReportReporter -->
<testsuite skipped="0" hostname="LAPTOP-UJMV62ID" name="com.amazon.qa.testcases.TodaysDealPageTestCase" tests="2" failures="0" timestamp="13 Jul 2018 12:03:19 GMT" time="67.721" errors="0">
  <testcase name="VerifyTodaysDealsPage" time="29.384" classname="com.amazon.qa.testcases.TodaysDealPageTestCase"/>
  <testcase name="VerifyTodayDealTitle" time="38.337" classname="com.amazon.qa.testcases.TodaysDealPageTestCase"/>
</testsuite> <!-- com.amazon.qa.testcases.TodaysDealPageTestCase -->
