<?xml version="1.0" encoding="UTF-8"?>
<!-- Generated by org.testng.reporters.JUnitReportReporter -->
<testsuite skipped="0" hostname="LAPTOP-UJMV62ID" name="com.amazon.qa.testcases.AmazonUserPageTestCase" tests="2" failures="0" timestamp="13 Jul 2018 12:03:19 GMT" time="62.184" errors="0">
  <testcase name="VerifyTitleAmazonUser" time="30.462" classname="com.amazon.qa.testcases.AmazonUserPageTestCase"/>
  <testcase name="VerifyAmazonuserpage" time="31.722" classname="com.amazon.qa.testcases.AmazonUserPageTestCase"/>
</testsuite> <!-- com.amazon.qa.testcases.AmazonUserPageTestCase -->
