<?xml version="1.0" encoding="UTF-8"?>
<!-- Generated by org.testng.reporters.JUnitReportReporter -->
<testsuite skipped="0" hostname="LAPTOP-UJMV62ID" name="com.amazon.qa.testcases.HomePageTsetCase" tests="4" failures="0" timestamp="13 Jul 2018 12:03:19 GMT" time="139.187" errors="0">
  <testcase name="verifyHomeTitle" time="37.804" classname="com.amazon.qa.testcases.HomePageTsetCase"/>
  <testcase name="verifyAmazonUser" time="29.870" classname="com.amazon.qa.testcases.HomePageTsetCase"/>
  <testcase name="verifyTodaysDeal" time="40.157" classname="com.amazon.qa.testcases.HomePageTsetCase"/>
  <testcase name="verifyAmazonPay" time="31.356" classname="com.amazon.qa.testcases.HomePageTsetCase"/>
</testsuite> <!-- com.amazon.qa.testcases.HomePageTsetCase -->
