<?xml version="1.0" encoding="UTF-8"?>
<!-- Generated by org.testng.reporters.JUnitReportReporter -->
<testsuite skipped="0" hostname="LAPTOP-UJMV62ID" name="com.amazon.qa.testcases.SignInTestCase" tests="2" failures="0" timestamp="13 Jul 2018 12:03:19 GMT" time="48.079" errors="0">
  <testcase name="PassWord" time="22.648" classname="com.amazon.qa.testcases.SignInTestCase"/>
  <testcase name="passwordButton" time="25.431" classname="com.amazon.qa.testcases.SignInTestCase"/>
</testsuite> <!-- com.amazon.qa.testcases.SignInTestCase -->
