<?xml version="1.0" encoding="UTF-8"?>
<!-- Generated by org.testng.reporters.JUnitReportReporter -->
<testsuite skipped="0" hostname="LAPTOP-UJMV62ID" name="com.amazon.qa.testcases.LoginTestCase" tests="2" failures="0" timestamp="20 Jul 2018 12:56:48 GMT" time="24.253" errors="0">
  <testcase name="titleTest" time="9.338" classname="com.amazon.qa.testcases.LoginTestCase"/>
  <testcase name="BtnClick" time="14.915" classname="com.amazon.qa.testcases.LoginTestCase"/>
</testsuite> <!-- com.amazon.qa.testcases.LoginTestCase -->
