<?xml version="1.0" encoding="UTF-8"?>
<!-- Generated by org.testng.reporters.JUnitReportReporter -->
<testsuite skipped="0" hostname="LAPTOP-UJMV62ID" name="com.amazon.qa.testcases.AmazonPayPageTestcase" tests="2" failures="0" timestamp="13 Jul 2018 12:03:19 GMT" time="68.066" errors="0">
  <testcase name="VerifyAmazonPayPage" time="34.973" classname="com.amazon.qa.testcases.AmazonPayPageTestcase"/>
  <testcase name="VerifyAmazonpayTitle" time="33.093" classname="com.amazon.qa.testcases.AmazonPayPageTestcase"/>
</testsuite> <!-- com.amazon.qa.testcases.AmazonPayPageTestcase -->
